<?xml version="1.0" encoding="UTF-8"?>
<testsuite xmlns:xsi="http://www.w3.org/2001/XMLSchema-instance" xsi:noNamespaceSchemaLocation="https://maven.apache.org/surefire/maven-surefire-plugin/xsd/surefire-test-report-3.0.xsd" version="3.0" name="br.edu.ifba.inf008.tests.DBConnectionTest" time="0.563" tests="1" errors="0" skipped="0" failures="0">
  <properties>
    <property name="java.specification.version" value="24"/>
    <property name="sun.jnu.encoding" value="UTF-8"/>
    <property name="java.class.path" value="/home/filipe/ifba/INF008/Bookstore_organizer/app/target/test-classes:/home/filipe/ifba/INF008/Bookstore_organizer/app/target/classes:/home/filipe/ifba/INF008/Bookstore_organizer/interfaces/target/interfaces-1.0-SNAPSHOT.jar:/home/filipe/.m2/repository/org/openjfx/javafx-controls/17/javafx-controls-17.jar:/home/filipe/.m2/repository/org/openjfx/javafx-controls/17/javafx-controls-17-linux.jar:/home/filipe/.m2/repository/org/openjfx/javafx-graphics/17/javafx-graphics-17.jar:/home/filipe/.m2/repository/org/openjfx/javafx-graphics/17/javafx-graphics-17-linux.jar:/home/filipe/.m2/repository/org/openjfx/javafx-base/17/javafx-base-17.jar:/home/filipe/.m2/repository/org/openjfx/javafx-base/17/javafx-base-17-linux.jar:/home/filipe/.m2/repository/org/mariadb/jdbc/mariadb-java-client/3.3.2/mariadb-java-client-3.3.2.jar:/home/filipe/.m2/repository/com/github/waffle/waffle-jna/3.3.0/waffle-jna-3.3.0.jar:/home/filipe/.m2/repository/net/java/dev/jna/jna/5.13.0/jna-5.13.0.jar:/home/filipe/.m2/repository/net/java/dev/jna/jna-platform/5.13.0/jna-platform-5.13.0.jar:/home/filipe/.m2/repository/org/slf4j/jcl-over-slf4j/2.0.7/jcl-over-slf4j-2.0.7.jar:/home/filipe/.m2/repository/org/slf4j/slf4j-api/2.0.7/slf4j-api-2.0.7.jar:/home/filipe/.m2/repository/com/github/ben-manes/caffeine/caffeine/2.9.3/caffeine-2.9.3.jar:/home/filipe/.m2/repository/com/google/errorprone/error_prone_annotations/2.10.0/error_prone_annotations-2.10.0.jar:/home/filipe/.m2/repository/org/checkerframework/checker-qual/3.32.0/checker-qual-3.32.0.jar:/home/filipe/.m2/repository/org/junit/jupiter/junit-jupiter/5.10.0/junit-jupiter-5.10.0.jar:/home/filipe/.m2/repository/org/junit/jupiter/junit-jupiter-api/5.10.0/junit-jupiter-api-5.10.0.jar:/home/filipe/.m2/repository/org/opentest4j/opentest4j/1.3.0/opentest4j-1.3.0.jar:/home/filipe/.m2/repository/org/junit/platform/junit-platform-commons/1.10.0/junit-platform-commons-1.10.0.jar:/home/filipe/.m2/repository/org/apiguardian/apiguardian-api/1.1.2/apiguardian-api-1.1.2.jar:/home/filipe/.m2/repository/org/junit/jupiter/junit-jupiter-params/5.10.0/junit-jupiter-params-5.10.0.jar:/home/filipe/.m2/repository/org/junit/jupiter/junit-jupiter-engine/5.10.0/junit-jupiter-engine-5.10.0.jar:/home/filipe/.m2/repository/org/junit/platform/junit-platform-engine/1.10.0/junit-platform-engine-1.10.0.jar:/home/filipe/.m2/repository/jakarta/validation/jakarta.validation-api/3.0.0/jakarta.validation-api-3.0.0.jar:/home/filipe/.m2/repository/org/hibernate/validator/hibernate-validator/8.0.0.Final/hibernate-validator-8.0.0.Final.jar:/home/filipe/.m2/repository/org/jboss/logging/jboss-logging/3.4.1.Final/jboss-logging-3.4.1.Final.jar:/home/filipe/.m2/repository/com/fasterxml/classmate/1.5.1/classmate-1.5.1.jar:/home/filipe/.m2/repository/org/glassfish/jakarta.el/4.0.2/jakarta.el-4.0.2.jar:/home/filipe/.m2/repository/jakarta/el/jakarta.el-api/4.0.0/jakarta.el-api-4.0.0.jar:"/>
    <property name="java.vm.vendor" value="Arch Linux"/>
    <property name="sun.arch.data.model" value="64"/>
    <property name="java.vendor.url" value="https://openjdk.org/"/>
    <property name="os.name" value="Linux"/>
    <property name="java.vm.specification.version" value="24"/>
    <property name="sun.java.launcher" value="SUN_STANDARD"/>
    <property name="user.country" value="US"/>
    <property name="sun.boot.library.path" value="/usr/lib/jvm/java-24-openjdk/lib"/>
    <property name="sun.java.command" value="/home/filipe/ifba/INF008/Bookstore_organizer/app/target/surefire/surefirebooter-20250805154259218_3.jar /home/filipe/ifba/INF008/Bookstore_organizer/app/target/surefire 2025-08-05T15-42-56_900-jvmRun1 surefire-20250805154259218_1tmp surefire_0-20250805154259218_2tmp"/>
    <property name="jdk.debug" value="release"/>
    <property name="surefire.test.class.path" value="/home/filipe/ifba/INF008/Bookstore_organizer/app/target/test-classes:/home/filipe/ifba/INF008/Bookstore_organizer/app/target/classes:/home/filipe/ifba/INF008/Bookstore_organizer/interfaces/target/interfaces-1.0-SNAPSHOT.jar:/home/filipe/.m2/repository/org/openjfx/javafx-controls/17/javafx-controls-17.jar:/home/filipe/.m2/repository/org/openjfx/javafx-controls/17/javafx-controls-17-linux.jar:/home/filipe/.m2/repository/org/openjfx/javafx-graphics/17/javafx-graphics-17.jar:/home/filipe/.m2/repository/org/openjfx/javafx-graphics/17/javafx-graphics-17-linux.jar:/home/filipe/.m2/repository/org/openjfx/javafx-base/17/javafx-base-17.jar:/home/filipe/.m2/repository/org/openjfx/javafx-base/17/javafx-base-17-linux.jar:/home/filipe/.m2/repository/org/mariadb/jdbc/mariadb-java-client/3.3.2/mariadb-java-client-3.3.2.jar:/home/filipe/.m2/repository/com/github/waffle/waffle-jna/3.3.0/waffle-jna-3.3.0.jar:/home/filipe/.m2/repository/net/java/dev/jna/jna/5.13.0/jna-5.13.0.jar:/home/filipe/.m2/repository/net/java/dev/jna/jna-platform/5.13.0/jna-platform-5.13.0.jar:/home/filipe/.m2/repository/org/slf4j/jcl-over-slf4j/2.0.7/jcl-over-slf4j-2.0.7.jar:/home/filipe/.m2/repository/org/slf4j/slf4j-api/2.0.7/slf4j-api-2.0.7.jar:/home/filipe/.m2/repository/com/github/ben-manes/caffeine/caffeine/2.9.3/caffeine-2.9.3.jar:/home/filipe/.m2/repository/com/google/errorprone/error_prone_annotations/2.10.0/error_prone_annotations-2.10.0.jar:/home/filipe/.m2/repository/org/checkerframework/checker-qual/3.32.0/checker-qual-3.32.0.jar:/home/filipe/.m2/repository/org/junit/jupiter/junit-jupiter/5.10.0/junit-jupiter-5.10.0.jar:/home/filipe/.m2/repository/org/junit/jupiter/junit-jupiter-api/5.10.0/junit-jupiter-api-5.10.0.jar:/home/filipe/.m2/repository/org/opentest4j/opentest4j/1.3.0/opentest4j-1.3.0.jar:/home/filipe/.m2/repository/org/junit/platform/junit-platform-commons/1.10.0/junit-platform-commons-1.10.0.jar:/home/filipe/.m2/repository/org/apiguardian/apiguardian-api/1.1.2/apiguardian-api-1.1.2.jar:/home/filipe/.m2/repository/org/junit/jupiter/junit-jupiter-params/5.10.0/junit-jupiter-params-5.10.0.jar:/home/filipe/.m2/repository/org/junit/jupiter/junit-jupiter-engine/5.10.0/junit-jupiter-engine-5.10.0.jar:/home/filipe/.m2/repository/org/junit/platform/junit-platform-engine/1.10.0/junit-platform-engine-1.10.0.jar:/home/filipe/.m2/repository/jakarta/validation/jakarta.validation-api/3.0.0/jakarta.validation-api-3.0.0.jar:/home/filipe/.m2/repository/org/hibernate/validator/hibernate-validator/8.0.0.Final/hibernate-validator-8.0.0.Final.jar:/home/filipe/.m2/repository/org/jboss/logging/jboss-logging/3.4.1.Final/jboss-logging-3.4.1.Final.jar:/home/filipe/.m2/repository/com/fasterxml/classmate/1.5.1/classmate-1.5.1.jar:/home/filipe/.m2/repository/org/glassfish/jakarta.el/4.0.2/jakarta.el-4.0.2.jar:/home/filipe/.m2/repository/jakarta/el/jakarta.el-api/4.0.0/jakarta.el-api-4.0.0.jar:"/>
    <property name="sun.cpu.endian" value="little"/>
    <property name="user.home" value="/home/filipe"/>
    <property name="user.language" value="en"/>
    <property name="java.specification.vendor" value="Oracle Corporation"/>
    <property name="java.version.date" value="2025-04-15"/>
    <property name="java.home" value="/usr/lib/jvm/java-24-openjdk"/>
    <property name="file.separator" value="/"/>
    <property name="basedir" value="/home/filipe/ifba/INF008/Bookstore_organizer/app"/>
    <property name="java.vm.compressedOopsMode" value="32-bit"/>
    <property name="line.separator" value="&#10;"/>
    <property name="java.specification.name" value="Java Platform API Specification"/>
    <property name="java.vm.specification.vendor" value="Oracle Corporation"/>
    <property name="surefire.real.class.path" value="/home/filipe/ifba/INF008/Bookstore_organizer/app/target/surefire/surefirebooter-20250805154259218_3.jar"/>
    <property name="sun.management.compiler" value="HotSpot 64-Bit Tiered Compilers"/>
    <property name="java.runtime.version" value="24.0.1"/>
    <property name="user.name" value="filipe"/>
    <property name="stdout.encoding" value="UTF-8"/>
    <property name="path.separator" value=":"/>
    <property name="os.version" value="6.12.34-1-MANJARO"/>
    <property name="java.runtime.name" value="OpenJDK Runtime Environment"/>
    <property name="file.encoding" value="UTF-8"/>
    <property name="java.vm.name" value="OpenJDK 64-Bit Server VM"/>
    <property name="localRepository" value="/home/filipe/.m2/repository"/>
    <property name="java.vendor.url.bug" value="https://bugreport.java.com/bugreport/"/>
    <property name="java.io.tmpdir" value="/tmp"/>
    <property name="java.version" value="24.0.1"/>
    <property name="user.dir" value="/home/filipe/ifba/INF008/Bookstore_organizer/app"/>
    <property name="os.arch" value="amd64"/>
    <property name="java.vm.specification.name" value="Java Virtual Machine Specification"/>
    <property name="native.encoding" value="UTF-8"/>
    <property name="java.library.path" value="/usr/java/packages/lib:/usr/lib64:/lib64:/lib:/usr/lib"/>
    <property name="java.vm.info" value="mixed mode, sharing"/>
    <property name="stderr.encoding" value="UTF-8"/>
    <property name="java.vendor" value="Arch Linux"/>
    <property name="java.vm.version" value="24.0.1"/>
    <property name="sun.io.unicode.encoding" value="UnicodeLittle"/>
    <property name="java.class.version" value="68.0"/>
  </properties>
  <testcase name="testConexaoComBanco" classname="br.edu.ifba.inf008.tests.DBConnectionTest" time="0.498">
    <system-out><![CDATA[ConexÃ£o com o banco bem-sucedida!
]]></system-out>
    <system-err><![CDATA[SLF4J: No SLF4J providers were found.
SLF4J: Defaulting to no-operation (NOP) logger implementation
SLF4J: See https://www.slf4j.org/codes.html#noProviders for further details.
]]></system-err>
  </testcase>
</testsuite>